[2022-08-25T17:08:57.576] [ALL] http - {
  method: 'GET',
  url: '/api/wechatData',
  body: undefined,
  params: { '0': '/api/wechatData' },
  query: {}
}
[2022-08-25T17:09:21.982] [ALL] http - {
  method: 'POST',
  url: '/api/wechatData?signature=b9eae9e82643ad06e259cd51762a6e3e33192092&timestamp=1661418559&nonce=716025214&openid=oHQaO5xNbT7xDIaytwv-9Cd7Cv_I',
  body: undefined,
  params: { '0': '/api/wechatData' },
  query: {
    signature: 'b9eae9e82643ad06e259cd51762a6e3e33192092',
    timestamp: '1661418559',
    nonce: '716025214',
    openid: 'oHQaO5xNbT7xDIaytwv-9Cd7Cv_I'
  }
}
[2022-08-25T17:10:18.402] [ALL] http - {
  method: 'POST',
  url: '/api/wechatData?signature=7d0c87d9ca883f9df1fcc88d07b707a6c31ee74c&timestamp=1661418616&nonce=1714275227&openid=oHQaO5xNbT7xDIaytwv-9Cd7Cv_I',
  body: undefined,
  params: { '0': '/api/wechatData' },
  query: {
    signature: '7d0c87d9ca883f9df1fcc88d07b707a6c31ee74c',
    timestamp: '1661418616',
    nonce: '1714275227',
    openid: 'oHQaO5xNbT7xDIaytwv-9Cd7Cv_I'
  }
}
[2022-08-25T17:10:35.335] [ALL] http - {
  method: 'POST',
  url: '/api/wechatData?signature=9969679604a1f58833a3c1e3448b362b4da4e0f9&timestamp=1661418633&nonce=416874006&openid=oHQaO5xNbT7xDIaytwv-9Cd7Cv_I',
  body: undefined,
  params: { '0': '/api/wechatData' },
  query: {
    signature: '9969679604a1f58833a3c1e3448b362b4da4e0f9',
    timestamp: '1661418633',
    nonce: '416874006',
    openid: 'oHQaO5xNbT7xDIaytwv-9Cd7Cv_I'
  }
}
[2022-08-25T17:11:56.363] [ALL] http - {
  method: 'POST',
  url: '/api/wechatData?signature=6c705ed50c25a9733d552fe3a6d79930605c8ad1&timestamp=1661418714&nonce=1044773928&openid=oHQaO5xNbT7xDIaytwv-9Cd7Cv_I',
  body: undefined,
  params: { '0': '/api/wechatData' },
  query: {
    signature: '6c705ed50c25a9733d552fe3a6d79930605c8ad1',
    timestamp: '1661418714',
    nonce: '1044773928',
    openid: 'oHQaO5xNbT7xDIaytwv-9Cd7Cv_I'
  }
}
[2022-08-25T17:12:24.347] [ALL] http - {
  method: 'POST',
  url: '/api/wechatData?signature=6c57324b81c0cf14fcf0dd770d891b6ebe87c1ae&timestamp=1661418742&nonce=1360366535&openid=oHQaO5xNbT7xDIaytwv-9Cd7Cv_I',
  body: undefined,
  params: { '0': '/api/wechatData' },
  query: {
    signature: '6c57324b81c0cf14fcf0dd770d891b6ebe87c1ae',
    timestamp: '1661418742',
    nonce: '1360366535',
    openid: 'oHQaO5xNbT7xDIaytwv-9Cd7Cv_I'
  }
}
[2022-08-25T17:15:58.079] [ALL] http - {
  method: 'POST',
  url: '/api/wechatData?signature=fae490d8d976055cb1a66b333a7d2430a359989a&timestamp=1661418956&nonce=313103289&openid=oHQaO5xNbT7xDIaytwv-9Cd7Cv_I',
  body: undefined,
  params: { '0': '/api/wechatData' },
  query: {
    signature: 'fae490d8d976055cb1a66b333a7d2430a359989a',
    timestamp: '1661418956',
    nonce: '313103289',
    openid: 'oHQaO5xNbT7xDIaytwv-9Cd7Cv_I'
  }
}
[2022-08-25T17:15:59.215] [ALL] http - {
  method: 'POST',
  url: '/api/wechatData?signature=fa65cb53860c2f23ef320b13f3a0f0e89b4ee64c&timestamp=1661418957&nonce=719426943&openid=oHQaO5xNbT7xDIaytwv-9Cd7Cv_I',
  body: undefined,
  params: { '0': '/api/wechatData' },
  query: {
    signature: 'fa65cb53860c2f23ef320b13f3a0f0e89b4ee64c',
    timestamp: '1661418957',
    nonce: '719426943',
    openid: 'oHQaO5xNbT7xDIaytwv-9Cd7Cv_I'
  }
}
[2022-08-25T17:16:04.253] [ALL] http - {
  method: 'POST',
  url: '/api/wechatData?signature=fa65cb53860c2f23ef320b13f3a0f0e89b4ee64c&timestamp=1661418957&nonce=719426943&openid=oHQaO5xNbT7xDIaytwv-9Cd7Cv_I',
  body: undefined,
  params: { '0': '/api/wechatData' },
  query: {
    signature: 'fa65cb53860c2f23ef320b13f3a0f0e89b4ee64c',
    timestamp: '1661418957',
    nonce: '719426943',
    openid: 'oHQaO5xNbT7xDIaytwv-9Cd7Cv_I'
  }
}
[2022-08-25T17:16:09.248] [ALL] http - {
  method: 'POST',
  url: '/api/wechatData?signature=fa65cb53860c2f23ef320b13f3a0f0e89b4ee64c&timestamp=1661418957&nonce=719426943&openid=oHQaO5xNbT7xDIaytwv-9Cd7Cv_I',
  body: undefined,
  params: { '0': '/api/wechatData' },
  query: {
    signature: 'fa65cb53860c2f23ef320b13f3a0f0e89b4ee64c',
    timestamp: '1661418957',
    nonce: '719426943',
    openid: 'oHQaO5xNbT7xDIaytwv-9Cd7Cv_I'
  }
}
[2022-08-25T17:16:35.880] [ALL] http - {
  method: 'POST',
  url: '/api/wechatData?signature=420762d2af2c482a60c66329d4385bd4b6d06975&timestamp=1661418993&nonce=321699872&openid=oHQaO5xNbT7xDIaytwv-9Cd7Cv_I',
  body: undefined,
  params: { '0': '/api/wechatData' },
  query: {
    signature: '420762d2af2c482a60c66329d4385bd4b6d06975',
    timestamp: '1661418993',
    nonce: '321699872',
    openid: 'oHQaO5xNbT7xDIaytwv-9Cd7Cv_I'
  }
}
[2022-08-25T17:16:36.958] [ALL] http - {
  method: 'POST',
  url: '/api/wechatData?signature=60d7951ca2f691be456f800652ec3aaee4aa80d8&timestamp=1661418994&nonce=1864664386&openid=oHQaO5xNbT7xDIaytwv-9Cd7Cv_I',
  body: undefined,
  params: { '0': '/api/wechatData' },
  query: {
    signature: '60d7951ca2f691be456f800652ec3aaee4aa80d8',
    timestamp: '1661418994',
    nonce: '1864664386',
    openid: 'oHQaO5xNbT7xDIaytwv-9Cd7Cv_I'
  }
}
[2022-08-25T17:16:41.975] [ALL] http - {
  method: 'POST',
  url: '/api/wechatData?signature=60d7951ca2f691be456f800652ec3aaee4aa80d8&timestamp=1661418994&nonce=1864664386&openid=oHQaO5xNbT7xDIaytwv-9Cd7Cv_I',
  body: undefined,
  params: { '0': '/api/wechatData' },
  query: {
    signature: '60d7951ca2f691be456f800652ec3aaee4aa80d8',
    timestamp: '1661418994',
    nonce: '1864664386',
    openid: 'oHQaO5xNbT7xDIaytwv-9Cd7Cv_I'
  }
}
[2022-08-25T17:16:46.969] [ALL] http - {
  method: 'POST',
  url: '/api/wechatData?signature=60d7951ca2f691be456f800652ec3aaee4aa80d8&timestamp=1661418994&nonce=1864664386&openid=oHQaO5xNbT7xDIaytwv-9Cd7Cv_I',
  body: undefined,
  params: { '0': '/api/wechatData' },
  query: {
    signature: '60d7951ca2f691be456f800652ec3aaee4aa80d8',
    timestamp: '1661418994',
    nonce: '1864664386',
    openid: 'oHQaO5xNbT7xDIaytwv-9Cd7Cv_I'
  }
}
[2022-08-25T17:17:28.230] [ALL] http - {
  method: 'POST',
  url: '/api/wechatData?signature=40b1b65130349aa56b4adcf5e54e65573df6c1c8&timestamp=1661419046&nonce=623821724&openid=oHQaO5xNbT7xDIaytwv-9Cd7Cv_I',
  body: undefined,
  params: { '0': '/api/wechatData' },
  query: {
    signature: '40b1b65130349aa56b4adcf5e54e65573df6c1c8',
    timestamp: '1661419046',
    nonce: '623821724',
    openid: 'oHQaO5xNbT7xDIaytwv-9Cd7Cv_I'
  }
}
[2022-08-25T17:17:29.320] [ALL] http - {
  method: 'POST',
  url: '/api/wechatData?signature=3555c2525fdf8ef68c3dc110272f97e980d2cb99&timestamp=1661419047&nonce=2084517865&openid=oHQaO5xNbT7xDIaytwv-9Cd7Cv_I',
  body: undefined,
  params: { '0': '/api/wechatData' },
  query: {
    signature: '3555c2525fdf8ef68c3dc110272f97e980d2cb99',
    timestamp: '1661419047',
    nonce: '2084517865',
    openid: 'oHQaO5xNbT7xDIaytwv-9Cd7Cv_I'
  }
}
[2022-08-25T17:17:34.350] [ALL] http - {
  method: 'POST',
  url: '/api/wechatData?signature=3555c2525fdf8ef68c3dc110272f97e980d2cb99&timestamp=1661419047&nonce=2084517865&openid=oHQaO5xNbT7xDIaytwv-9Cd7Cv_I',
  body: undefined,
  params: { '0': '/api/wechatData' },
  query: {
    signature: '3555c2525fdf8ef68c3dc110272f97e980d2cb99',
    timestamp: '1661419047',
    nonce: '2084517865',
    openid: 'oHQaO5xNbT7xDIaytwv-9Cd7Cv_I'
  }
}
[2022-08-25T17:17:39.344] [ALL] http - {
  method: 'POST',
  url: '/api/wechatData?signature=3555c2525fdf8ef68c3dc110272f97e980d2cb99&timestamp=1661419047&nonce=2084517865&openid=oHQaO5xNbT7xDIaytwv-9Cd7Cv_I',
  body: undefined,
  params: { '0': '/api/wechatData' },
  query: {
    signature: '3555c2525fdf8ef68c3dc110272f97e980d2cb99',
    timestamp: '1661419047',
    nonce: '2084517865',
    openid: 'oHQaO5xNbT7xDIaytwv-9Cd7Cv_I'
  }
}
[2022-08-25T17:18:39.034] [ALL] http - {
  method: 'POST',
  url: '/api/wechatData?signature=0f777f82a17c1bcca910c3c1b11e4a793f53a205&timestamp=1661419117&nonce=1015817648&openid=oHQaO5xNbT7xDIaytwv-9Cd7Cv_I',
  body: undefined,
  params: { '0': '/api/wechatData' },
  query: {
    signature: '0f777f82a17c1bcca910c3c1b11e4a793f53a205',
    timestamp: '1661419117',
    nonce: '1015817648',
    openid: 'oHQaO5xNbT7xDIaytwv-9Cd7Cv_I'
  }
}
[2022-08-25T17:18:40.178] [ALL] http - {
  method: 'POST',
  url: '/api/wechatData?signature=868fa50146f4af8038b074ffccc034946540d77a&timestamp=1661419118&nonce=66233891&openid=oHQaO5xNbT7xDIaytwv-9Cd7Cv_I',
  body: undefined,
  params: { '0': '/api/wechatData' },
  query: {
    signature: '868fa50146f4af8038b074ffccc034946540d77a',
    timestamp: '1661419118',
    nonce: '66233891',
    openid: 'oHQaO5xNbT7xDIaytwv-9Cd7Cv_I'
  }
}
[2022-08-25T17:18:45.178] [ALL] http - {
  method: 'POST',
  url: '/api/wechatData?signature=868fa50146f4af8038b074ffccc034946540d77a&timestamp=1661419118&nonce=66233891&openid=oHQaO5xNbT7xDIaytwv-9Cd7Cv_I',
  body: undefined,
  params: { '0': '/api/wechatData' },
  query: {
    signature: '868fa50146f4af8038b074ffccc034946540d77a',
    timestamp: '1661419118',
    nonce: '66233891',
    openid: 'oHQaO5xNbT7xDIaytwv-9Cd7Cv_I'
  }
}
[2022-08-25T17:18:50.199] [ALL] http - {
  method: 'POST',
  url: '/api/wechatData?signature=868fa50146f4af8038b074ffccc034946540d77a&timestamp=1661419118&nonce=66233891&openid=oHQaO5xNbT7xDIaytwv-9Cd7Cv_I',
  body: undefined,
  params: { '0': '/api/wechatData' },
  query: {
    signature: '868fa50146f4af8038b074ffccc034946540d77a',
    timestamp: '1661419118',
    nonce: '66233891',
    openid: 'oHQaO5xNbT7xDIaytwv-9Cd7Cv_I'
  }
}
[2022-08-25T22:03:10.070] [ALL] http - {
  method: 'GET',
  url: '/',
  body: undefined,
  params: { '0': '/' },
  query: {}
}
[2022-08-25T22:03:21.722] [ALL] http - {
  method: 'GET',
  url: '/api/wechatData?signature=072d72588681716e2ab150b9cf4842c3b24f37fb&echostr=379351132790052345&timestamp=1661436201&nonce=362576794',
  body: undefined,
  params: { '0': '/api/wechatData' },
  query: {
    signature: '072d72588681716e2ab150b9cf4842c3b24f37fb',
    echostr: '379351132790052345',
    timestamp: '1661436201',
    nonce: '362576794'
  }
}
[2022-08-25T22:03:46.030] [ALL] http - {
  method: 'POST',
  url: '/api/wechatData?signature=3963b58fc43dd5d6e202b49646d9bf266a1c383d&timestamp=1661436226&nonce=1704359646&openid=oHQaO5xNbT7xDIaytwv-9Cd7Cv_I',
  body: undefined,
  params: { '0': '/api/wechatData' },
  query: {
    signature: '3963b58fc43dd5d6e202b49646d9bf266a1c383d',
    timestamp: '1661436226',
    nonce: '1704359646',
    openid: 'oHQaO5xNbT7xDIaytwv-9Cd7Cv_I'
  }
}
[2022-08-25T22:04:11.506] [ALL] http - {
  method: 'POST',
  url: '/api/wechatData?signature=365a1ce9e5d2e977e178b28d8256726d00ec4545&timestamp=1661436251&nonce=1853695506&openid=oHQaO5xNbT7xDIaytwv-9Cd7Cv_I',
  body: undefined,
  params: { '0': '/api/wechatData' },
  query: {
    signature: '365a1ce9e5d2e977e178b28d8256726d00ec4545',
    timestamp: '1661436251',
    nonce: '1853695506',
    openid: 'oHQaO5xNbT7xDIaytwv-9Cd7Cv_I'
  }
}
[2022-08-25T22:04:12.641] [ALL] http - {
  method: 'POST',
  url: '/api/wechatData?signature=e07303cf2b8ff5a8192254d5b0d28c853678d34b&timestamp=1661436252&nonce=1942960036&openid=oHQaO5xNbT7xDIaytwv-9Cd7Cv_I',
  body: undefined,
  params: { '0': '/api/wechatData' },
  query: {
    signature: 'e07303cf2b8ff5a8192254d5b0d28c853678d34b',
    timestamp: '1661436252',
    nonce: '1942960036',
    openid: 'oHQaO5xNbT7xDIaytwv-9Cd7Cv_I'
  }
}
[2022-08-25T22:04:17.650] [ALL] http - {
  method: 'POST',
  url: '/api/wechatData?signature=e07303cf2b8ff5a8192254d5b0d28c853678d34b&timestamp=1661436252&nonce=1942960036&openid=oHQaO5xNbT7xDIaytwv-9Cd7Cv_I',
  body: undefined,
  params: { '0': '/api/wechatData' },
  query: {
    signature: 'e07303cf2b8ff5a8192254d5b0d28c853678d34b',
    timestamp: '1661436252',
    nonce: '1942960036',
    openid: 'oHQaO5xNbT7xDIaytwv-9Cd7Cv_I'
  }
}
[2022-08-25T22:04:22.675] [ALL] http - {
  method: 'POST',
  url: '/api/wechatData?signature=e07303cf2b8ff5a8192254d5b0d28c853678d34b&timestamp=1661436252&nonce=1942960036&openid=oHQaO5xNbT7xDIaytwv-9Cd7Cv_I',
  body: undefined,
  params: { '0': '/api/wechatData' },
  query: {
    signature: 'e07303cf2b8ff5a8192254d5b0d28c853678d34b',
    timestamp: '1661436252',
    nonce: '1942960036',
    openid: 'oHQaO5xNbT7xDIaytwv-9Cd7Cv_I'
  }
}
[2022-08-25T22:04:31.353] [ALL] http - {
  method: 'POST',
  url: '/api/wechatData?signature=35d8717b11a01a781d85cf77e61183b20a2b1d6e&timestamp=1661436271&nonce=1490454439&openid=oHQaO5xNbT7xDIaytwv-9Cd7Cv_I',
  body: undefined,
  params: { '0': '/api/wechatData' },
  query: {
    signature: '35d8717b11a01a781d85cf77e61183b20a2b1d6e',
    timestamp: '1661436271',
    nonce: '1490454439',
    openid: 'oHQaO5xNbT7xDIaytwv-9Cd7Cv_I'
  }
}
[2022-08-25T22:04:32.427] [ALL] http - {
  method: 'POST',
  url: '/api/wechatData?signature=70ae15f2c9416cce1d5b34ff751af61712657368&timestamp=1661436272&nonce=1762354502&openid=oHQaO5xNbT7xDIaytwv-9Cd7Cv_I',
  body: undefined,
  params: { '0': '/api/wechatData' },
  query: {
    signature: '70ae15f2c9416cce1d5b34ff751af61712657368',
    timestamp: '1661436272',
    nonce: '1762354502',
    openid: 'oHQaO5xNbT7xDIaytwv-9Cd7Cv_I'
  }
}
[2022-08-25T22:04:36.652] [ALL] http - {
  method: 'POST',
  url: '/api/wechatData?signature=7af9fe80e6c1194296b878f2146efc733626ca27&timestamp=1661436276&nonce=1957350637&openid=oHQaO5xNbT7xDIaytwv-9Cd7Cv_I',
  body: undefined,
  params: { '0': '/api/wechatData' },
  query: {
    signature: '7af9fe80e6c1194296b878f2146efc733626ca27',
    timestamp: '1661436276',
    nonce: '1957350637',
    openid: 'oHQaO5xNbT7xDIaytwv-9Cd7Cv_I'
  }
}
[2022-08-25T22:04:37.442] [ALL] http - {
  method: 'POST',
  url: '/api/wechatData?signature=70ae15f2c9416cce1d5b34ff751af61712657368&timestamp=1661436272&nonce=1762354502&openid=oHQaO5xNbT7xDIaytwv-9Cd7Cv_I',
  body: undefined,
  params: { '0': '/api/wechatData' },
  query: {
    signature: '70ae15f2c9416cce1d5b34ff751af61712657368',
    timestamp: '1661436272',
    nonce: '1762354502',
    openid: 'oHQaO5xNbT7xDIaytwv-9Cd7Cv_I'
  }
}
[2022-08-25T22:04:37.622] [ALL] http - {
  method: 'POST',
  url: '/api/wechatData?signature=05b2652f2016bfc7c6316c9d3134c44c92f01e98&timestamp=1661436277&nonce=1489813491&openid=oHQaO5xNbT7xDIaytwv-9Cd7Cv_I',
  body: undefined,
  params: { '0': '/api/wechatData' },
  query: {
    signature: '05b2652f2016bfc7c6316c9d3134c44c92f01e98',
    timestamp: '1661436277',
    nonce: '1489813491',
    openid: 'oHQaO5xNbT7xDIaytwv-9Cd7Cv_I'
  }
}
[2022-08-25T22:04:42.467] [ALL] http - {
  method: 'POST',
  url: '/api/wechatData?signature=70ae15f2c9416cce1d5b34ff751af61712657368&timestamp=1661436272&nonce=1762354502&openid=oHQaO5xNbT7xDIaytwv-9Cd7Cv_I',
  body: undefined,
  params: { '0': '/api/wechatData' },
  query: {
    signature: '70ae15f2c9416cce1d5b34ff751af61712657368',
    timestamp: '1661436272',
    nonce: '1762354502',
    openid: 'oHQaO5xNbT7xDIaytwv-9Cd7Cv_I'
  }
}
[2022-08-25T22:04:42.633] [ALL] http - {
  method: 'POST',
  url: '/api/wechatData?signature=05b2652f2016bfc7c6316c9d3134c44c92f01e98&timestamp=1661436277&nonce=1489813491&openid=oHQaO5xNbT7xDIaytwv-9Cd7Cv_I',
  body: undefined,
  params: { '0': '/api/wechatData' },
  query: {
    signature: '05b2652f2016bfc7c6316c9d3134c44c92f01e98',
    timestamp: '1661436277',
    nonce: '1489813491',
    openid: 'oHQaO5xNbT7xDIaytwv-9Cd7Cv_I'
  }
}
[2022-08-25T22:04:47.650] [ALL] http - {
  method: 'POST',
  url: '/api/wechatData?signature=05b2652f2016bfc7c6316c9d3134c44c92f01e98&timestamp=1661436277&nonce=1489813491&openid=oHQaO5xNbT7xDIaytwv-9Cd7Cv_I',
  body: undefined,
  params: { '0': '/api/wechatData' },
  query: {
    signature: '05b2652f2016bfc7c6316c9d3134c44c92f01e98',
    timestamp: '1661436277',
    nonce: '1489813491',
    openid: 'oHQaO5xNbT7xDIaytwv-9Cd7Cv_I'
  }
}
[2022-08-25T22:05:28.238] [ALL] http - {
  method: 'POST',
  url: '/api/wechatData?signature=24278db3dbe5b850d3e5c0784416d3cb60b01eb8&timestamp=1661436328&nonce=1349840556&openid=oHQaO5xNbT7xDIaytwv-9Cd7Cv_I',
  body: undefined,
  params: { '0': '/api/wechatData' },
  query: {
    signature: '24278db3dbe5b850d3e5c0784416d3cb60b01eb8',
    timestamp: '1661436328',
    nonce: '1349840556',
    openid: 'oHQaO5xNbT7xDIaytwv-9Cd7Cv_I'
  }
}
[2022-08-25T22:05:29.276] [ALL] http - {
  method: 'POST',
  url: '/api/wechatData?signature=c982f77062cbf6554bf9875ac9893287545ee260&timestamp=1661436329&nonce=363675766&openid=oHQaO5xNbT7xDIaytwv-9Cd7Cv_I',
  body: undefined,
  params: { '0': '/api/wechatData' },
  query: {
    signature: 'c982f77062cbf6554bf9875ac9893287545ee260',
    timestamp: '1661436329',
    nonce: '363675766',
    openid: 'oHQaO5xNbT7xDIaytwv-9Cd7Cv_I'
  }
}
[2022-08-25T22:05:34.297] [ALL] http - {
  method: 'POST',
  url: '/api/wechatData?signature=c982f77062cbf6554bf9875ac9893287545ee260&timestamp=1661436329&nonce=363675766&openid=oHQaO5xNbT7xDIaytwv-9Cd7Cv_I',
  body: undefined,
  params: { '0': '/api/wechatData' },
  query: {
    signature: 'c982f77062cbf6554bf9875ac9893287545ee260',
    timestamp: '1661436329',
    nonce: '363675766',
    openid: 'oHQaO5xNbT7xDIaytwv-9Cd7Cv_I'
  }
}
[2022-08-25T22:05:39.302] [ALL] http - {
  method: 'POST',
  url: '/api/wechatData?signature=c982f77062cbf6554bf9875ac9893287545ee260&timestamp=1661436329&nonce=363675766&openid=oHQaO5xNbT7xDIaytwv-9Cd7Cv_I',
  body: undefined,
  params: { '0': '/api/wechatData' },
  query: {
    signature: 'c982f77062cbf6554bf9875ac9893287545ee260',
    timestamp: '1661436329',
    nonce: '363675766',
    openid: 'oHQaO5xNbT7xDIaytwv-9Cd7Cv_I'
  }
}
[2022-08-25T22:05:40.158] [ALL] http - {
  method: 'POST',
  url: '/api/wechatData?signature=c982f77062cbf6554bf9875ac9893287545ee260&timestamp=1661436329&nonce=363675766&openid=oHQaO5xNbT7xDIaytwv-9Cd7Cv_I',
  body: undefined,
  params: { '0': '/api/wechatData' },
  query: {
    signature: 'c982f77062cbf6554bf9875ac9893287545ee260',
    timestamp: '1661436329',
    nonce: '363675766',
    openid: 'oHQaO5xNbT7xDIaytwv-9Cd7Cv_I'
  }
}
[2022-08-25T22:05:44.079] [ALL] http - {
  method: 'POST',
  url: '/api/wechatData?signature=29daa6b31cfa3b2c765f3f48e6b1bfa5a0bde6d9&timestamp=1661436344&nonce=1184584645&openid=oHQaO5xNbT7xDIaytwv-9Cd7Cv_I',
  body: undefined,
  params: { '0': '/api/wechatData' },
  query: {
    signature: '29daa6b31cfa3b2c765f3f48e6b1bfa5a0bde6d9',
    timestamp: '1661436344',
    nonce: '1184584645',
    openid: 'oHQaO5xNbT7xDIaytwv-9Cd7Cv_I'
  }
}
[2022-08-25T22:05:45.198] [ALL] http - {
  method: 'POST',
  url: '/api/wechatData?signature=fac2f6c9ddb50f27fb419c1c7f366a2527e090e5&timestamp=1661436345&nonce=635466967&openid=oHQaO5xNbT7xDIaytwv-9Cd7Cv_I',
  body: undefined,
  params: { '0': '/api/wechatData' },
  query: {
    signature: 'fac2f6c9ddb50f27fb419c1c7f366a2527e090e5',
    timestamp: '1661436345',
    nonce: '635466967',
    openid: 'oHQaO5xNbT7xDIaytwv-9Cd7Cv_I'
  }
}
[2022-08-25T22:05:50.204] [ALL] http - {
  method: 'POST',
  url: '/api/wechatData?signature=fac2f6c9ddb50f27fb419c1c7f366a2527e090e5&timestamp=1661436345&nonce=635466967&openid=oHQaO5xNbT7xDIaytwv-9Cd7Cv_I',
  body: undefined,
  params: { '0': '/api/wechatData' },
  query: {
    signature: 'fac2f6c9ddb50f27fb419c1c7f366a2527e090e5',
    timestamp: '1661436345',
    nonce: '635466967',
    openid: 'oHQaO5xNbT7xDIaytwv-9Cd7Cv_I'
  }
}
[2022-08-25T22:05:53.779] [ALL] http - {
  method: 'POST',
  url: '/api/wechatData?signature=3884f92d83651562228dff660bebc3e5db8d6465&timestamp=1661436353&nonce=1400770878&openid=oHQaO5xNbT7xDIaytwv-9Cd7Cv_I',
  body: undefined,
  params: { '0': '/api/wechatData' },
  query: {
    signature: '3884f92d83651562228dff660bebc3e5db8d6465',
    timestamp: '1661436353',
    nonce: '1400770878',
    openid: 'oHQaO5xNbT7xDIaytwv-9Cd7Cv_I'
  }
}
[2022-08-25T22:05:54.724] [ALL] http - {
  method: 'POST',
  url: '/api/wechatData?signature=4d9ec3e29b982b318f50cec46548927bedb02640&timestamp=1661436354&nonce=1575617864&openid=oHQaO5xNbT7xDIaytwv-9Cd7Cv_I',
  body: undefined,
  params: { '0': '/api/wechatData' },
  query: {
    signature: '4d9ec3e29b982b318f50cec46548927bedb02640',
    timestamp: '1661436354',
    nonce: '1575617864',
    openid: 'oHQaO5xNbT7xDIaytwv-9Cd7Cv_I'
  }
}
[2022-08-25T22:05:55.215] [ALL] http - {
  method: 'POST',
  url: '/api/wechatData?signature=fac2f6c9ddb50f27fb419c1c7f366a2527e090e5&timestamp=1661436345&nonce=635466967&openid=oHQaO5xNbT7xDIaytwv-9Cd7Cv_I',
  body: undefined,
  params: { '0': '/api/wechatData' },
  query: {
    signature: 'fac2f6c9ddb50f27fb419c1c7f366a2527e090e5',
    timestamp: '1661436345',
    nonce: '635466967',
    openid: 'oHQaO5xNbT7xDIaytwv-9Cd7Cv_I'
  }
}
[2022-08-25T22:05:59.726] [ALL] http - {
  method: 'POST',
  url: '/api/wechatData?signature=4d9ec3e29b982b318f50cec46548927bedb02640&timestamp=1661436354&nonce=1575617864&openid=oHQaO5xNbT7xDIaytwv-9Cd7Cv_I',
  body: undefined,
  params: { '0': '/api/wechatData' },
  query: {
    signature: '4d9ec3e29b982b318f50cec46548927bedb02640',
    timestamp: '1661436354',
    nonce: '1575617864',
    openid: 'oHQaO5xNbT7xDIaytwv-9Cd7Cv_I'
  }
}
[2022-08-25T22:06:03.649] [ALL] http - {
  method: 'POST',
  url: '/api/wechatData?signature=4d9ec3e29b982b318f50cec46548927bedb02640&timestamp=1661436354&nonce=1575617864&openid=oHQaO5xNbT7xDIaytwv-9Cd7Cv_I',
  body: undefined,
  params: { '0': '/api/wechatData' },
  query: {
    signature: '4d9ec3e29b982b318f50cec46548927bedb02640',
    timestamp: '1661436354',
    nonce: '1575617864',
    openid: 'oHQaO5xNbT7xDIaytwv-9Cd7Cv_I'
  }
}
[2022-08-25T22:06:04.732] [ALL] http - {
  method: 'POST',
  url: '/api/wechatData?signature=4d9ec3e29b982b318f50cec46548927bedb02640&timestamp=1661436354&nonce=1575617864&openid=oHQaO5xNbT7xDIaytwv-9Cd7Cv_I',
  body: undefined,
  params: { '0': '/api/wechatData' },
  query: {
    signature: '4d9ec3e29b982b318f50cec46548927bedb02640',
    timestamp: '1661436354',
    nonce: '1575617864',
    openid: 'oHQaO5xNbT7xDIaytwv-9Cd7Cv_I'
  }
}
[2022-08-25T22:06:20.690] [ALL] http - {
  method: 'POST',
  url: '/api/wechatData?signature=1531caf1aa61d3c8bf8f5852f71cd3591c9fe14d&timestamp=1661436380&nonce=360489586&openid=oHQaO5xNbT7xDIaytwv-9Cd7Cv_I',
  body: undefined,
  params: { '0': '/api/wechatData' },
  query: {
    signature: '1531caf1aa61d3c8bf8f5852f71cd3591c9fe14d',
    timestamp: '1661436380',
    nonce: '360489586',
    openid: 'oHQaO5xNbT7xDIaytwv-9Cd7Cv_I'
  }
}
[2022-08-25T22:06:21.785] [ALL] http - {
  method: 'POST',
  url: '/api/wechatData?signature=d0fd94cbb72bbb8c1ec6551c776f30f6f29ccc55&timestamp=1661436381&nonce=862366081&openid=oHQaO5xNbT7xDIaytwv-9Cd7Cv_I',
  body: undefined,
  params: { '0': '/api/wechatData' },
  query: {
    signature: 'd0fd94cbb72bbb8c1ec6551c776f30f6f29ccc55',
    timestamp: '1661436381',
    nonce: '862366081',
    openid: 'oHQaO5xNbT7xDIaytwv-9Cd7Cv_I'
  }
}
[2022-08-25T22:06:26.791] [ALL] http - {
  method: 'POST',
  url: '/api/wechatData?signature=d0fd94cbb72bbb8c1ec6551c776f30f6f29ccc55&timestamp=1661436381&nonce=862366081&openid=oHQaO5xNbT7xDIaytwv-9Cd7Cv_I',
  body: undefined,
  params: { '0': '/api/wechatData' },
  query: {
    signature: 'd0fd94cbb72bbb8c1ec6551c776f30f6f29ccc55',
    timestamp: '1661436381',
    nonce: '862366081',
    openid: 'oHQaO5xNbT7xDIaytwv-9Cd7Cv_I'
  }
}
[2022-08-25T22:06:31.808] [ALL] http - {
  method: 'POST',
  url: '/api/wechatData?signature=d0fd94cbb72bbb8c1ec6551c776f30f6f29ccc55&timestamp=1661436381&nonce=862366081&openid=oHQaO5xNbT7xDIaytwv-9Cd7Cv_I',
  body: undefined,
  params: { '0': '/api/wechatData' },
  query: {
    signature: 'd0fd94cbb72bbb8c1ec6551c776f30f6f29ccc55',
    timestamp: '1661436381',
    nonce: '862366081',
    openid: 'oHQaO5xNbT7xDIaytwv-9Cd7Cv_I'
  }
}
[2022-08-25T22:06:36.518] [ALL] http - {
  method: 'POST',
  url: '/api/wechatData?signature=d0fd94cbb72bbb8c1ec6551c776f30f6f29ccc55&timestamp=1661436381&nonce=862366081&openid=oHQaO5xNbT7xDIaytwv-9Cd7Cv_I',
  body: undefined,
  params: { '0': '/api/wechatData' },
  query: {
    signature: 'd0fd94cbb72bbb8c1ec6551c776f30f6f29ccc55',
    timestamp: '1661436381',
    nonce: '862366081',
    openid: 'oHQaO5xNbT7xDIaytwv-9Cd7Cv_I'
  }
}
[2022-08-25T22:07:06.242] [ALL] http - {
  method: 'POST',
  url: '/api/wechatData?signature=9cdecb698357a60c0dfbb9b0b5393906bd681da9&timestamp=1661436426&nonce=158983546&openid=oHQaO5xNbT7xDIaytwv-9Cd7Cv_I',
  body: undefined,
  params: { '0': '/api/wechatData' },
  query: {
    signature: '9cdecb698357a60c0dfbb9b0b5393906bd681da9',
    timestamp: '1661436426',
    nonce: '158983546',
    openid: 'oHQaO5xNbT7xDIaytwv-9Cd7Cv_I'
  }
}
[2022-08-25T22:07:07.355] [ALL] http - {
  method: 'POST',
  url: '/api/wechatData?signature=3f4a559c0b650584a09aac6fb85bef61ab5a6b13&timestamp=1661436427&nonce=1334362264&openid=oHQaO5xNbT7xDIaytwv-9Cd7Cv_I',
  body: undefined,
  params: { '0': '/api/wechatData' },
  query: {
    signature: '3f4a559c0b650584a09aac6fb85bef61ab5a6b13',
    timestamp: '1661436427',
    nonce: '1334362264',
    openid: 'oHQaO5xNbT7xDIaytwv-9Cd7Cv_I'
  }
}
[2022-08-25T22:07:12.352] [ALL] http - {
  method: 'POST',
  url: '/api/wechatData?signature=3f4a559c0b650584a09aac6fb85bef61ab5a6b13&timestamp=1661436427&nonce=1334362264&openid=oHQaO5xNbT7xDIaytwv-9Cd7Cv_I',
  body: undefined,
  params: { '0': '/api/wechatData' },
  query: {
    signature: '3f4a559c0b650584a09aac6fb85bef61ab5a6b13',
    timestamp: '1661436427',
    nonce: '1334362264',
    openid: 'oHQaO5xNbT7xDIaytwv-9Cd7Cv_I'
  }
}
[2022-08-25T22:07:17.354] [ALL] http - {
  method: 'POST',
  url: '/api/wechatData?signature=3f4a559c0b650584a09aac6fb85bef61ab5a6b13&timestamp=1661436427&nonce=1334362264&openid=oHQaO5xNbT7xDIaytwv-9Cd7Cv_I',
  body: undefined,
  params: { '0': '/api/wechatData' },
  query: {
    signature: '3f4a559c0b650584a09aac6fb85bef61ab5a6b13',
    timestamp: '1661436427',
    nonce: '1334362264',
    openid: 'oHQaO5xNbT7xDIaytwv-9Cd7Cv_I'
  }
}
[2022-08-25T22:10:31.867] [ALL] http - {
  method: 'POST',
  url: '/api/wechatData?signature=162c81cf4f15cd9cf4c7e8e35761dd9c0faef384&timestamp=1661436631&nonce=513146166&openid=oHQaO5xNbT7xDIaytwv-9Cd7Cv_I',
  body: undefined,
  params: { '0': '/api/wechatData' },
  query: {
    signature: '162c81cf4f15cd9cf4c7e8e35761dd9c0faef384',
    timestamp: '1661436631',
    nonce: '513146166',
    openid: 'oHQaO5xNbT7xDIaytwv-9Cd7Cv_I'
  }
}
[2022-08-25T22:10:32.987] [ALL] http - {
  method: 'POST',
  url: '/api/wechatData?signature=f3f084556bb7d802080c563c415fb81789327725&timestamp=1661436633&nonce=391063485&openid=oHQaO5xNbT7xDIaytwv-9Cd7Cv_I',
  body: undefined,
  params: { '0': '/api/wechatData' },
  query: {
    signature: 'f3f084556bb7d802080c563c415fb81789327725',
    timestamp: '1661436633',
    nonce: '391063485',
    openid: 'oHQaO5xNbT7xDIaytwv-9Cd7Cv_I'
  }
}
[2022-08-25T22:10:37.987] [ALL] http - {
  method: 'POST',
  url: '/api/wechatData?signature=f3f084556bb7d802080c563c415fb81789327725&timestamp=1661436633&nonce=391063485&openid=oHQaO5xNbT7xDIaytwv-9Cd7Cv_I',
  body: undefined,
  params: { '0': '/api/wechatData' },
  query: {
    signature: 'f3f084556bb7d802080c563c415fb81789327725',
    timestamp: '1661436633',
    nonce: '391063485',
    openid: 'oHQaO5xNbT7xDIaytwv-9Cd7Cv_I'
  }
}
[2022-08-25T22:10:43.016] [ALL] http - {
  method: 'POST',
  url: '/api/wechatData?signature=f3f084556bb7d802080c563c415fb81789327725&timestamp=1661436633&nonce=391063485&openid=oHQaO5xNbT7xDIaytwv-9Cd7Cv_I',
  body: undefined,
  params: { '0': '/api/wechatData' },
  query: {
    signature: 'f3f084556bb7d802080c563c415fb81789327725',
    timestamp: '1661436633',
    nonce: '391063485',
    openid: 'oHQaO5xNbT7xDIaytwv-9Cd7Cv_I'
  }
}
[2022-08-25T22:11:17.185] [ALL] http - {
  method: 'POST',
  url: '/api/wechatData?signature=e0729f57cc120b229cc9c3d08e4dd88538173e03&timestamp=1661436677&nonce=1630372992&openid=oHQaO5xNbT7xDIaytwv-9Cd7Cv_I',
  body: undefined,
  params: { '0': '/api/wechatData' },
  query: {
    signature: 'e0729f57cc120b229cc9c3d08e4dd88538173e03',
    timestamp: '1661436677',
    nonce: '1630372992',
    openid: 'oHQaO5xNbT7xDIaytwv-9Cd7Cv_I'
  }
}
[2022-08-25T22:11:32.440] [ALL] http - {
  method: 'POST',
  url: '/api/wechatData?signature=e0729f57cc120b229cc9c3d08e4dd88538173e03&timestamp=1661436677&nonce=1630372992&openid=oHQaO5xNbT7xDIaytwv-9Cd7Cv_I',
  body: undefined,
  params: { '0': '/api/wechatData' },
  query: {
    signature: 'e0729f57cc120b229cc9c3d08e4dd88538173e03',
    timestamp: '1661436677',
    nonce: '1630372992',
    openid: 'oHQaO5xNbT7xDIaytwv-9Cd7Cv_I'
  }
}
[2022-08-25T22:11:32.458] [ALL] http - {
  method: 'POST',
  url: '/api/wechatData?signature=e0729f57cc120b229cc9c3d08e4dd88538173e03&timestamp=1661436677&nonce=1630372992&openid=oHQaO5xNbT7xDIaytwv-9Cd7Cv_I',
  body: undefined,
  params: { '0': '/api/wechatData' },
  query: {
    signature: 'e0729f57cc120b229cc9c3d08e4dd88538173e03',
    timestamp: '1661436677',
    nonce: '1630372992',
    openid: 'oHQaO5xNbT7xDIaytwv-9Cd7Cv_I'
  }
}
[2022-08-25T22:11:32.459] [ALL] http - {
  method: 'POST',
  url: '/api/wechatData?signature=5ada4c74388228394c22e0c36b83c2edaa15fc7a&timestamp=1661436678&nonce=368957478&openid=oHQaO5xNbT7xDIaytwv-9Cd7Cv_I',
  body: undefined,
  params: { '0': '/api/wechatData' },
  query: {
    signature: '5ada4c74388228394c22e0c36b83c2edaa15fc7a',
    timestamp: '1661436678',
    nonce: '368957478',
    openid: 'oHQaO5xNbT7xDIaytwv-9Cd7Cv_I'
  }
}
[2022-08-25T22:11:34.740] [ALL] http - {
  method: 'POST',
  url: '/api/wechatData?signature=5ada4c74388228394c22e0c36b83c2edaa15fc7a&timestamp=1661436678&nonce=368957478&openid=oHQaO5xNbT7xDIaytwv-9Cd7Cv_I',
  body: undefined,
  params: { '0': '/api/wechatData' },
  query: {
    signature: '5ada4c74388228394c22e0c36b83c2edaa15fc7a',
    timestamp: '1661436678',
    nonce: '368957478',
    openid: 'oHQaO5xNbT7xDIaytwv-9Cd7Cv_I'
  }
}
[2022-08-25T22:11:34.743] [ALL] http - {
  method: 'POST',
  url: '/api/wechatData?signature=83c63f45abd8f433eb0df58e10ffd8ac254cbddf&timestamp=1661436693&nonce=1102029753&openid=oHQaO5xNbT7xDIaytwv-9Cd7Cv_I',
  body: undefined,
  params: { '0': '/api/wechatData' },
  query: {
    signature: '83c63f45abd8f433eb0df58e10ffd8ac254cbddf',
    timestamp: '1661436693',
    nonce: '1102029753',
    openid: 'oHQaO5xNbT7xDIaytwv-9Cd7Cv_I'
  }
}
[2022-08-25T22:11:34.745] [ALL] http - {
  method: 'POST',
  url: '/api/wechatData?signature=060cb1347b98cf0f7e997103ebdef40953a56a49&timestamp=1661436693&nonce=614198466&openid=oHQaO5xNbT7xDIaytwv-9Cd7Cv_I',
  body: undefined,
  params: { '0': '/api/wechatData' },
  query: {
    signature: '060cb1347b98cf0f7e997103ebdef40953a56a49',
    timestamp: '1661436693',
    nonce: '614198466',
    openid: 'oHQaO5xNbT7xDIaytwv-9Cd7Cv_I'
  }
}
[2022-08-25T22:11:38.406] [ALL] http - {
  method: 'POST',
  url: '/api/wechatData?signature=83c63f45abd8f433eb0df58e10ffd8ac254cbddf&timestamp=1661436693&nonce=1102029753&openid=oHQaO5xNbT7xDIaytwv-9Cd7Cv_I',
  body: undefined,
  params: { '0': '/api/wechatData' },
  query: {
    signature: '83c63f45abd8f433eb0df58e10ffd8ac254cbddf',
    timestamp: '1661436693',
    nonce: '1102029753',
    openid: 'oHQaO5xNbT7xDIaytwv-9Cd7Cv_I'
  }
}
[2022-08-25T22:11:38.429] [ALL] http - {
  method: 'POST',
  url: '/api/wechatData?signature=060cb1347b98cf0f7e997103ebdef40953a56a49&timestamp=1661436693&nonce=614198466&openid=oHQaO5xNbT7xDIaytwv-9Cd7Cv_I',
  body: undefined,
  params: { '0': '/api/wechatData' },
  query: {
    signature: '060cb1347b98cf0f7e997103ebdef40953a56a49',
    timestamp: '1661436693',
    nonce: '614198466',
    openid: 'oHQaO5xNbT7xDIaytwv-9Cd7Cv_I'
  }
}
[2022-08-25T22:11:43.434] [ALL] http - {
  method: 'POST',
  url: '/api/wechatData?signature=83c63f45abd8f433eb0df58e10ffd8ac254cbddf&timestamp=1661436693&nonce=1102029753&openid=oHQaO5xNbT7xDIaytwv-9Cd7Cv_I',
  body: undefined,
  params: { '0': '/api/wechatData' },
  query: {
    signature: '83c63f45abd8f433eb0df58e10ffd8ac254cbddf',
    timestamp: '1661436693',
    nonce: '1102029753',
    openid: 'oHQaO5xNbT7xDIaytwv-9Cd7Cv_I'
  }
}
[2022-08-25T22:11:43.443] [ALL] http - {
  method: 'POST',
  url: '/api/wechatData?signature=060cb1347b98cf0f7e997103ebdef40953a56a49&timestamp=1661436693&nonce=614198466&openid=oHQaO5xNbT7xDIaytwv-9Cd7Cv_I',
  body: undefined,
  params: { '0': '/api/wechatData' },
  query: {
    signature: '060cb1347b98cf0f7e997103ebdef40953a56a49',
    timestamp: '1661436693',
    nonce: '614198466',
    openid: 'oHQaO5xNbT7xDIaytwv-9Cd7Cv_I'
  }
}
[2022-08-25T22:11:46.473] [ALL] http - {
  method: 'POST',
  url: '/api/wechatData?signature=2462e044eed5f532001189abc50b687670ee6090&timestamp=1661436706&nonce=1027384379&openid=oHQaO5xNbT7xDIaytwv-9Cd7Cv_I',
  body: undefined,
  params: { '0': '/api/wechatData' },
  query: {
    signature: '2462e044eed5f532001189abc50b687670ee6090',
    timestamp: '1661436706',
    nonce: '1027384379',
    openid: 'oHQaO5xNbT7xDIaytwv-9Cd7Cv_I'
  }
}
[2022-08-25T22:11:47.617] [ALL] http - {
  method: 'POST',
  url: '/api/wechatData?signature=97c89e74cdfa11151374510fe16b7befd3271921&timestamp=1661436707&nonce=593172240&openid=oHQaO5xNbT7xDIaytwv-9Cd7Cv_I',
  body: undefined,
  params: { '0': '/api/wechatData' },
  query: {
    signature: '97c89e74cdfa11151374510fe16b7befd3271921',
    timestamp: '1661436707',
    nonce: '593172240',
    openid: 'oHQaO5xNbT7xDIaytwv-9Cd7Cv_I'
  }
}
[2022-08-25T22:11:52.620] [ALL] http - {
  method: 'POST',
  url: '/api/wechatData?signature=97c89e74cdfa11151374510fe16b7befd3271921&timestamp=1661436707&nonce=593172240&openid=oHQaO5xNbT7xDIaytwv-9Cd7Cv_I',
  body: undefined,
  params: { '0': '/api/wechatData' },
  query: {
    signature: '97c89e74cdfa11151374510fe16b7befd3271921',
    timestamp: '1661436707',
    nonce: '593172240',
    openid: 'oHQaO5xNbT7xDIaytwv-9Cd7Cv_I'
  }
}
[2022-08-25T22:11:54.498] [ALL] http - {
  method: 'POST',
  url: '/api/wechatData?signature=97c89e74cdfa11151374510fe16b7befd3271921&timestamp=1661436707&nonce=593172240&openid=oHQaO5xNbT7xDIaytwv-9Cd7Cv_I',
  body: undefined,
  params: { '0': '/api/wechatData' },
  query: {
    signature: '97c89e74cdfa11151374510fe16b7befd3271921',
    timestamp: '1661436707',
    nonce: '593172240',
    openid: 'oHQaO5xNbT7xDIaytwv-9Cd7Cv_I'
  }
}
[2022-08-25T22:11:57.639] [ALL] http - {
  method: 'POST',
  url: '/api/wechatData?signature=97c89e74cdfa11151374510fe16b7befd3271921&timestamp=1661436707&nonce=593172240&openid=oHQaO5xNbT7xDIaytwv-9Cd7Cv_I',
  body: undefined,
  params: { '0': '/api/wechatData' },
  query: {
    signature: '97c89e74cdfa11151374510fe16b7befd3271921',
    timestamp: '1661436707',
    nonce: '593172240',
    openid: 'oHQaO5xNbT7xDIaytwv-9Cd7Cv_I'
  }
}
[2022-08-25T22:11:58.839] [ALL] http - {
  method: 'POST',
  url: '/api/wechatData?signature=97c89e74cdfa11151374510fe16b7befd3271921&timestamp=1661436707&nonce=593172240&openid=oHQaO5xNbT7xDIaytwv-9Cd7Cv_I',
  body: undefined,
  params: { '0': '/api/wechatData' },
  query: {
    signature: '97c89e74cdfa11151374510fe16b7befd3271921',
    timestamp: '1661436707',
    nonce: '593172240',
    openid: 'oHQaO5xNbT7xDIaytwv-9Cd7Cv_I'
  }
}
[2022-08-25T22:12:23.306] [ALL] http - {
  method: 'POST',
  url: '/api/wechatData?signature=e07e3e0388084417ce1b84a944f27598ae7ce1f5&timestamp=1661436743&nonce=284646382&openid=oHQaO5xNbT7xDIaytwv-9Cd7Cv_I',
  body: undefined,
  params: { '0': '/api/wechatData' },
  query: {
    signature: 'e07e3e0388084417ce1b84a944f27598ae7ce1f5',
    timestamp: '1661436743',
    nonce: '284646382',
    openid: 'oHQaO5xNbT7xDIaytwv-9Cd7Cv_I'
  }
}
[2022-08-25T22:12:24.272] [ALL] http - {
  method: 'POST',
  url: '/api/wechatData?signature=5ae8053c04c1e9e65cb07904dd141e85fc84edec&timestamp=1661436744&nonce=1809581463&openid=oHQaO5xNbT7xDIaytwv-9Cd7Cv_I',
  body: undefined,
  params: { '0': '/api/wechatData' },
  query: {
    signature: '5ae8053c04c1e9e65cb07904dd141e85fc84edec',
    timestamp: '1661436744',
    nonce: '1809581463',
    openid: 'oHQaO5xNbT7xDIaytwv-9Cd7Cv_I'
  }
}
[2022-08-25T22:12:29.288] [ALL] http - {
  method: 'POST',
  url: '/api/wechatData?signature=5ae8053c04c1e9e65cb07904dd141e85fc84edec&timestamp=1661436744&nonce=1809581463&openid=oHQaO5xNbT7xDIaytwv-9Cd7Cv_I',
  body: undefined,
  params: { '0': '/api/wechatData' },
  query: {
    signature: '5ae8053c04c1e9e65cb07904dd141e85fc84edec',
    timestamp: '1661436744',
    nonce: '1809581463',
    openid: 'oHQaO5xNbT7xDIaytwv-9Cd7Cv_I'
  }
}
[2022-08-25T22:12:34.306] [ALL] http - {
  method: 'POST',
  url: '/api/wechatData?signature=5ae8053c04c1e9e65cb07904dd141e85fc84edec&timestamp=1661436744&nonce=1809581463&openid=oHQaO5xNbT7xDIaytwv-9Cd7Cv_I',
  body: undefined,
  params: { '0': '/api/wechatData' },
  query: {
    signature: '5ae8053c04c1e9e65cb07904dd141e85fc84edec',
    timestamp: '1661436744',
    nonce: '1809581463',
    openid: 'oHQaO5xNbT7xDIaytwv-9Cd7Cv_I'
  }
}
[2022-08-25T22:13:48.507] [ALL] http - {
  method: 'POST',
  url: '/api/wechatData?signature=5fa5fa39dea76f7d1261d4f2977f2a462a8f6fe1&timestamp=1661436828&nonce=427847402&openid=oHQaO5xNbT7xDIaytwv-9Cd7Cv_I',
  body: undefined,
  params: { '0': '/api/wechatData' },
  query: {
    signature: '5fa5fa39dea76f7d1261d4f2977f2a462a8f6fe1',
    timestamp: '1661436828',
    nonce: '427847402',
    openid: 'oHQaO5xNbT7xDIaytwv-9Cd7Cv_I'
  }
}
[2022-08-25T22:13:49.925] [ALL] http - {
  method: 'POST',
  url: '/api/wechatData?signature=2ba4e6f538cee055009a2ed568ad305a13f36b0a&timestamp=1661436830&nonce=277168916&openid=oHQaO5xNbT7xDIaytwv-9Cd7Cv_I',
  body: undefined,
  params: { '0': '/api/wechatData' },
  query: {
    signature: '2ba4e6f538cee055009a2ed568ad305a13f36b0a',
    timestamp: '1661436830',
    nonce: '277168916',
    openid: 'oHQaO5xNbT7xDIaytwv-9Cd7Cv_I'
  }
}
[2022-08-25T22:13:54.920] [ALL] http - {
  method: 'POST',
  url: '/api/wechatData?signature=2ba4e6f538cee055009a2ed568ad305a13f36b0a&timestamp=1661436830&nonce=277168916&openid=oHQaO5xNbT7xDIaytwv-9Cd7Cv_I',
  body: undefined,
  params: { '0': '/api/wechatData' },
  query: {
    signature: '2ba4e6f538cee055009a2ed568ad305a13f36b0a',
    timestamp: '1661436830',
    nonce: '277168916',
    openid: 'oHQaO5xNbT7xDIaytwv-9Cd7Cv_I'
  }
}
[2022-08-25T22:13:59.920] [ALL] http - {
  method: 'POST',
  url: '/api/wechatData?signature=2ba4e6f538cee055009a2ed568ad305a13f36b0a&timestamp=1661436830&nonce=277168916&openid=oHQaO5xNbT7xDIaytwv-9Cd7Cv_I',
  body: undefined,
  params: { '0': '/api/wechatData' },
  query: {
    signature: '2ba4e6f538cee055009a2ed568ad305a13f36b0a',
    timestamp: '1661436830',
    nonce: '277168916',
    openid: 'oHQaO5xNbT7xDIaytwv-9Cd7Cv_I'
  }
}
[2022-08-25T22:14:43.554] [ALL] http - {
  method: 'POST',
  url: '/api/wechatData?signature=f47bacaf62070fdc467e77979f7ac93f58863176&timestamp=1661436883&nonce=127763014&openid=oHQaO5xNbT7xDIaytwv-9Cd7Cv_I',
  body: undefined,
  params: { '0': '/api/wechatData' },
  query: {
    signature: 'f47bacaf62070fdc467e77979f7ac93f58863176',
    timestamp: '1661436883',
    nonce: '127763014',
    openid: 'oHQaO5xNbT7xDIaytwv-9Cd7Cv_I'
  }
}
[2022-08-25T22:14:44.656] [ALL] http - {
  method: 'POST',
  url: '/api/wechatData?signature=0ed00c9a5a3a3c3efd22fcf9a55bc1183fd7b576&timestamp=1661436884&nonce=565690021&openid=oHQaO5xNbT7xDIaytwv-9Cd7Cv_I',
  body: undefined,
  params: { '0': '/api/wechatData' },
  query: {
    signature: '0ed00c9a5a3a3c3efd22fcf9a55bc1183fd7b576',
    timestamp: '1661436884',
    nonce: '565690021',
    openid: 'oHQaO5xNbT7xDIaytwv-9Cd7Cv_I'
  }
}
[2022-08-25T22:14:49.694] [ALL] http - {
  method: 'POST',
  url: '/api/wechatData?signature=0ed00c9a5a3a3c3efd22fcf9a55bc1183fd7b576&timestamp=1661436884&nonce=565690021&openid=oHQaO5xNbT7xDIaytwv-9Cd7Cv_I',
  body: undefined,
  params: { '0': '/api/wechatData' },
  query: {
    signature: '0ed00c9a5a3a3c3efd22fcf9a55bc1183fd7b576',
    timestamp: '1661436884',
    nonce: '565690021',
    openid: 'oHQaO5xNbT7xDIaytwv-9Cd7Cv_I'
  }
}
[2022-08-25T22:14:51.328] [ALL] http - {
  method: 'POST',
  url: '/api/wechatData?signature=0ed00c9a5a3a3c3efd22fcf9a55bc1183fd7b576&timestamp=1661436884&nonce=565690021&openid=oHQaO5xNbT7xDIaytwv-9Cd7Cv_I',
  body: undefined,
  params: { '0': '/api/wechatData' },
  query: {
    signature: '0ed00c9a5a3a3c3efd22fcf9a55bc1183fd7b576',
    timestamp: '1661436884',
    nonce: '565690021',
    openid: 'oHQaO5xNbT7xDIaytwv-9Cd7Cv_I'
  }
}
[2022-08-25T22:14:54.705] [ALL] http - {
  method: 'POST',
  url: '/api/wechatData?signature=0ed00c9a5a3a3c3efd22fcf9a55bc1183fd7b576&timestamp=1661436884&nonce=565690021&openid=oHQaO5xNbT7xDIaytwv-9Cd7Cv_I',
  body: undefined,
  params: { '0': '/api/wechatData' },
  query: {
    signature: '0ed00c9a5a3a3c3efd22fcf9a55bc1183fd7b576',
    timestamp: '1661436884',
    nonce: '565690021',
    openid: 'oHQaO5xNbT7xDIaytwv-9Cd7Cv_I'
  }
}
[2022-08-25T22:14:55.290] [ALL] http - {
  method: 'POST',
  url: '/api/wechatData?signature=0ed00c9a5a3a3c3efd22fcf9a55bc1183fd7b576&timestamp=1661436884&nonce=565690021&openid=oHQaO5xNbT7xDIaytwv-9Cd7Cv_I',
  body: undefined,
  params: { '0': '/api/wechatData' },
  query: {
    signature: '0ed00c9a5a3a3c3efd22fcf9a55bc1183fd7b576',
    timestamp: '1661436884',
    nonce: '565690021',
    openid: 'oHQaO5xNbT7xDIaytwv-9Cd7Cv_I'
  }
}
[2022-08-25T22:14:56.614] [ALL] http - {
  method: 'POST',
  url: '/api/wechatData?signature=0ed00c9a5a3a3c3efd22fcf9a55bc1183fd7b576&timestamp=1661436884&nonce=565690021&openid=oHQaO5xNbT7xDIaytwv-9Cd7Cv_I',
  body: undefined,
  params: { '0': '/api/wechatData' },
  query: {
    signature: '0ed00c9a5a3a3c3efd22fcf9a55bc1183fd7b576',
    timestamp: '1661436884',
    nonce: '565690021',
    openid: 'oHQaO5xNbT7xDIaytwv-9Cd7Cv_I'
  }
}
[2022-08-25T22:15:05.576] [ALL] http - {
  method: 'POST',
  url: '/api/wechatData?signature=df71ffbd25d34e270a35d0c27f0e51731475a52b&timestamp=1661436905&nonce=1163096951&openid=oHQaO5xNbT7xDIaytwv-9Cd7Cv_I',
  body: undefined,
  params: { '0': '/api/wechatData' },
  query: {
    signature: 'df71ffbd25d34e270a35d0c27f0e51731475a52b',
    timestamp: '1661436905',
    nonce: '1163096951',
    openid: 'oHQaO5xNbT7xDIaytwv-9Cd7Cv_I'
  }
}
[2022-08-25T22:15:06.855] [ALL] http - {
  method: 'POST',
  url: '/api/wechatData?signature=1760d58f089c17069e0030daaa08a6050525171f&timestamp=1661436907&nonce=933008728&openid=oHQaO5xNbT7xDIaytwv-9Cd7Cv_I',
  body: undefined,
  params: { '0': '/api/wechatData' },
  query: {
    signature: '1760d58f089c17069e0030daaa08a6050525171f',
    timestamp: '1661436907',
    nonce: '933008728',
    openid: 'oHQaO5xNbT7xDIaytwv-9Cd7Cv_I'
  }
}
[2022-08-25T22:15:11.870] [ALL] http - {
  method: 'POST',
  url: '/api/wechatData?signature=1760d58f089c17069e0030daaa08a6050525171f&timestamp=1661436907&nonce=933008728&openid=oHQaO5xNbT7xDIaytwv-9Cd7Cv_I',
  body: undefined,
  params: { '0': '/api/wechatData' },
  query: {
    signature: '1760d58f089c17069e0030daaa08a6050525171f',
    timestamp: '1661436907',
    nonce: '933008728',
    openid: 'oHQaO5xNbT7xDIaytwv-9Cd7Cv_I'
  }
}
[2022-08-25T22:15:16.876] [ALL] http - {
  method: 'POST',
  url: '/api/wechatData?signature=1760d58f089c17069e0030daaa08a6050525171f&timestamp=1661436907&nonce=933008728&openid=oHQaO5xNbT7xDIaytwv-9Cd7Cv_I',
  body: undefined,
  params: { '0': '/api/wechatData' },
  query: {
    signature: '1760d58f089c17069e0030daaa08a6050525171f',
    timestamp: '1661436907',
    nonce: '933008728',
    openid: 'oHQaO5xNbT7xDIaytwv-9Cd7Cv_I'
  }
}
[2022-08-25T22:16:22.866] [ALL] http - {
  method: 'POST',
  url: '/api/wechatData?signature=15f8fcbd21aae3f2af5142d6f672220320df1538&timestamp=1661436983&nonce=1086113673&openid=oHQaO5xNbT7xDIaytwv-9Cd7Cv_I',
  body: undefined,
  params: { '0': '/api/wechatData' },
  query: {
    signature: '15f8fcbd21aae3f2af5142d6f672220320df1538',
    timestamp: '1661436983',
    nonce: '1086113673',
    openid: 'oHQaO5xNbT7xDIaytwv-9Cd7Cv_I'
  }
}
[2022-08-25T22:16:24.181] [ALL] http - {
  method: 'POST',
  url: '/api/wechatData?signature=090fb8b12509134f5c2bcefa013b4598af462e28&timestamp=1661436984&nonce=1497284177&openid=oHQaO5xNbT7xDIaytwv-9Cd7Cv_I',
  body: undefined,
  params: { '0': '/api/wechatData' },
  query: {
    signature: '090fb8b12509134f5c2bcefa013b4598af462e28',
    timestamp: '1661436984',
    nonce: '1497284177',
    openid: 'oHQaO5xNbT7xDIaytwv-9Cd7Cv_I'
  }
}
[2022-08-25T22:16:29.182] [ALL] http - {
  method: 'POST',
  url: '/api/wechatData?signature=090fb8b12509134f5c2bcefa013b4598af462e28&timestamp=1661436984&nonce=1497284177&openid=oHQaO5xNbT7xDIaytwv-9Cd7Cv_I',
  body: undefined,
  params: { '0': '/api/wechatData' },
  query: {
    signature: '090fb8b12509134f5c2bcefa013b4598af462e28',
    timestamp: '1661436984',
    nonce: '1497284177',
    openid: 'oHQaO5xNbT7xDIaytwv-9Cd7Cv_I'
  }
}
[2022-08-25T22:16:34.196] [ALL] http - {
  method: 'POST',
  url: '/api/wechatData?signature=090fb8b12509134f5c2bcefa013b4598af462e28&timestamp=1661436984&nonce=1497284177&openid=oHQaO5xNbT7xDIaytwv-9Cd7Cv_I',
  body: undefined,
  params: { '0': '/api/wechatData' },
  query: {
    signature: '090fb8b12509134f5c2bcefa013b4598af462e28',
    timestamp: '1661436984',
    nonce: '1497284177',
    openid: 'oHQaO5xNbT7xDIaytwv-9Cd7Cv_I'
  }
}
[2022-08-25T22:18:15.192] [ALL] http - {
  method: 'POST',
  url: '/api/wechatData?signature=c34c51f38a0df96b603577daabae7cbc0b031caf&timestamp=1661437095&nonce=39275109&openid=oHQaO5xNbT7xDIaytwv-9Cd7Cv_I',
  body: undefined,
  params: { '0': '/api/wechatData' },
  query: {
    signature: 'c34c51f38a0df96b603577daabae7cbc0b031caf',
    timestamp: '1661437095',
    nonce: '39275109',
    openid: 'oHQaO5xNbT7xDIaytwv-9Cd7Cv_I'
  }
}
[2022-08-25T22:18:16.581] [ALL] http - {
  method: 'POST',
  url: '/api/wechatData?signature=4027fb2a0e8aebca6d169005b076ff246b686fa8&timestamp=1661437096&nonce=1345980519&openid=oHQaO5xNbT7xDIaytwv-9Cd7Cv_I',
  body: undefined,
  params: { '0': '/api/wechatData' },
  query: {
    signature: '4027fb2a0e8aebca6d169005b076ff246b686fa8',
    timestamp: '1661437096',
    nonce: '1345980519',
    openid: 'oHQaO5xNbT7xDIaytwv-9Cd7Cv_I'
  }
}
[2022-08-25T22:18:21.621] [ALL] http - {
  method: 'POST',
  url: '/api/wechatData?signature=4027fb2a0e8aebca6d169005b076ff246b686fa8&timestamp=1661437096&nonce=1345980519&openid=oHQaO5xNbT7xDIaytwv-9Cd7Cv_I',
  body: undefined,
  params: { '0': '/api/wechatData' },
  query: {
    signature: '4027fb2a0e8aebca6d169005b076ff246b686fa8',
    timestamp: '1661437096',
    nonce: '1345980519',
    openid: 'oHQaO5xNbT7xDIaytwv-9Cd7Cv_I'
  }
}
[2022-08-25T22:18:26.601] [ALL] http - {
  method: 'POST',
  url: '/api/wechatData?signature=4027fb2a0e8aebca6d169005b076ff246b686fa8&timestamp=1661437096&nonce=1345980519&openid=oHQaO5xNbT7xDIaytwv-9Cd7Cv_I',
  body: undefined,
  params: { '0': '/api/wechatData' },
  query: {
    signature: '4027fb2a0e8aebca6d169005b076ff246b686fa8',
    timestamp: '1661437096',
    nonce: '1345980519',
    openid: 'oHQaO5xNbT7xDIaytwv-9Cd7Cv_I'
  }
}
[2022-08-25T22:19:04.036] [ALL] http - {
  method: 'POST',
  url: '/api/wechatData?signature=248eb1180ef8cc68cb1cf15e4f56c45231daaf75&timestamp=1661437144&nonce=1500826674&openid=oHQaO5xNbT7xDIaytwv-9Cd7Cv_I',
  body: undefined,
  params: { '0': '/api/wechatData' },
  query: {
    signature: '248eb1180ef8cc68cb1cf15e4f56c45231daaf75',
    timestamp: '1661437144',
    nonce: '1500826674',
    openid: 'oHQaO5xNbT7xDIaytwv-9Cd7Cv_I'
  }
}
[2022-08-25T22:19:05.689] [ALL] http - {
  method: 'POST',
  url: '/api/wechatData?signature=f34bbcc2bea442cb6ac7833a1f9df7111754b8a9&timestamp=1661437145&nonce=1311267071&openid=oHQaO5xNbT7xDIaytwv-9Cd7Cv_I',
  body: undefined,
  params: { '0': '/api/wechatData' },
  query: {
    signature: 'f34bbcc2bea442cb6ac7833a1f9df7111754b8a9',
    timestamp: '1661437145',
    nonce: '1311267071',
    openid: 'oHQaO5xNbT7xDIaytwv-9Cd7Cv_I'
  }
}
[2022-08-25T22:19:10.693] [ALL] http - {
  method: 'POST',
  url: '/api/wechatData?signature=f34bbcc2bea442cb6ac7833a1f9df7111754b8a9&timestamp=1661437145&nonce=1311267071&openid=oHQaO5xNbT7xDIaytwv-9Cd7Cv_I',
  body: undefined,
  params: { '0': '/api/wechatData' },
  query: {
    signature: 'f34bbcc2bea442cb6ac7833a1f9df7111754b8a9',
    timestamp: '1661437145',
    nonce: '1311267071',
    openid: 'oHQaO5xNbT7xDIaytwv-9Cd7Cv_I'
  }
}
[2022-08-25T22:19:11.974] [ALL] http - {
  method: 'POST',
  url: '/api/wechatData?signature=f34bbcc2bea442cb6ac7833a1f9df7111754b8a9&timestamp=1661437145&nonce=1311267071&openid=oHQaO5xNbT7xDIaytwv-9Cd7Cv_I',
  body: undefined,
  params: { '0': '/api/wechatData' },
  query: {
    signature: 'f34bbcc2bea442cb6ac7833a1f9df7111754b8a9',
    timestamp: '1661437145',
    nonce: '1311267071',
    openid: 'oHQaO5xNbT7xDIaytwv-9Cd7Cv_I'
  }
}
[2022-08-25T22:19:15.732] [ALL] http - {
  method: 'POST',
  url: '/api/wechatData?signature=f34bbcc2bea442cb6ac7833a1f9df7111754b8a9&timestamp=1661437145&nonce=1311267071&openid=oHQaO5xNbT7xDIaytwv-9Cd7Cv_I',
  body: undefined,
  params: { '0': '/api/wechatData' },
  query: {
    signature: 'f34bbcc2bea442cb6ac7833a1f9df7111754b8a9',
    timestamp: '1661437145',
    nonce: '1311267071',
    openid: 'oHQaO5xNbT7xDIaytwv-9Cd7Cv_I'
  }
}
[2022-08-25T22:19:17.739] [ALL] http - {
  method: 'POST',
  url: '/api/wechatData?signature=f34bbcc2bea442cb6ac7833a1f9df7111754b8a9&timestamp=1661437145&nonce=1311267071&openid=oHQaO5xNbT7xDIaytwv-9Cd7Cv_I',
  body: undefined,
  params: { '0': '/api/wechatData' },
  query: {
    signature: 'f34bbcc2bea442cb6ac7833a1f9df7111754b8a9',
    timestamp: '1661437145',
    nonce: '1311267071',
    openid: 'oHQaO5xNbT7xDIaytwv-9Cd7Cv_I'
  }
}
[2022-08-25T22:19:25.902] [ALL] http - {
  method: 'POST',
  url: '/api/wechatData?signature=acd0c9f5486fff0bcd8a4738fca3cdbf7e15bb55&timestamp=1661437166&nonce=1662545654&openid=oHQaO5xNbT7xDIaytwv-9Cd7Cv_I',
  body: undefined,
  params: { '0': '/api/wechatData' },
  query: {
    signature: 'acd0c9f5486fff0bcd8a4738fca3cdbf7e15bb55',
    timestamp: '1661437166',
    nonce: '1662545654',
    openid: 'oHQaO5xNbT7xDIaytwv-9Cd7Cv_I'
  }
}
[2022-08-25T22:19:27.131] [ALL] http - {
  method: 'POST',
  url: '/api/wechatData?signature=75d43faa91183321f15df6c29a676f669e929a7c&timestamp=1661437167&nonce=1516181747&openid=oHQaO5xNbT7xDIaytwv-9Cd7Cv_I',
  body: undefined,
  params: { '0': '/api/wechatData' },
  query: {
    signature: '75d43faa91183321f15df6c29a676f669e929a7c',
    timestamp: '1661437167',
    nonce: '1516181747',
    openid: 'oHQaO5xNbT7xDIaytwv-9Cd7Cv_I'
  }
}
[2022-08-25T22:19:32.124] [ALL] http - {
  method: 'POST',
  url: '/api/wechatData?signature=75d43faa91183321f15df6c29a676f669e929a7c&timestamp=1661437167&nonce=1516181747&openid=oHQaO5xNbT7xDIaytwv-9Cd7Cv_I',
  body: undefined,
  params: { '0': '/api/wechatData' },
  query: {
    signature: '75d43faa91183321f15df6c29a676f669e929a7c',
    timestamp: '1661437167',
    nonce: '1516181747',
    openid: 'oHQaO5xNbT7xDIaytwv-9Cd7Cv_I'
  }
}
[2022-08-25T22:19:37.148] [ALL] http - {
  method: 'POST',
  url: '/api/wechatData?signature=75d43faa91183321f15df6c29a676f669e929a7c&timestamp=1661437167&nonce=1516181747&openid=oHQaO5xNbT7xDIaytwv-9Cd7Cv_I',
  body: undefined,
  params: { '0': '/api/wechatData' },
  query: {
    signature: '75d43faa91183321f15df6c29a676f669e929a7c',
    timestamp: '1661437167',
    nonce: '1516181747',
    openid: 'oHQaO5xNbT7xDIaytwv-9Cd7Cv_I'
  }
}
[2022-08-25T22:20:03.777] [ALL] http - {
  method: 'POST',
  url: '/api/wechatData?signature=2639c2b2a9baa88dc5c8276bc453618d61bc9c95&timestamp=1661437203&nonce=1933446766&openid=oHQaO5xNbT7xDIaytwv-9Cd7Cv_I',
  body: undefined,
  params: { '0': '/api/wechatData' },
  query: {
    signature: '2639c2b2a9baa88dc5c8276bc453618d61bc9c95',
    timestamp: '1661437203',
    nonce: '1933446766',
    openid: 'oHQaO5xNbT7xDIaytwv-9Cd7Cv_I'
  }
}
[2022-08-25T22:20:04.951] [ALL] http - {
  method: 'POST',
  url: '/api/wechatData?signature=1ce5bcd45921fc5b12e5edce33e1f3ad4909ebd0&timestamp=1661437205&nonce=1372371893&openid=oHQaO5xNbT7xDIaytwv-9Cd7Cv_I',
  body: undefined,
  params: { '0': '/api/wechatData' },
  query: {
    signature: '1ce5bcd45921fc5b12e5edce33e1f3ad4909ebd0',
    timestamp: '1661437205',
    nonce: '1372371893',
    openid: 'oHQaO5xNbT7xDIaytwv-9Cd7Cv_I'
  }
}
[2022-08-25T22:20:09.965] [ALL] http - {
  method: 'POST',
  url: '/api/wechatData?signature=1ce5bcd45921fc5b12e5edce33e1f3ad4909ebd0&timestamp=1661437205&nonce=1372371893&openid=oHQaO5xNbT7xDIaytwv-9Cd7Cv_I',
  body: undefined,
  params: { '0': '/api/wechatData' },
  query: {
    signature: '1ce5bcd45921fc5b12e5edce33e1f3ad4909ebd0',
    timestamp: '1661437205',
    nonce: '1372371893',
    openid: 'oHQaO5xNbT7xDIaytwv-9Cd7Cv_I'
  }
}
[2022-08-25T22:20:14.294] [ALL] http - {
  method: 'POST',
  url: '/api/wechatData?signature=7a41c7df4d2b5b90332e5e7ba0db09211a605f19&timestamp=1661437214&nonce=1287110000&openid=oHQaO5xNbT7xDIaytwv-9Cd7Cv_I',
  body: undefined,
  params: { '0': '/api/wechatData' },
  query: {
    signature: '7a41c7df4d2b5b90332e5e7ba0db09211a605f19',
    timestamp: '1661437214',
    nonce: '1287110000',
    openid: 'oHQaO5xNbT7xDIaytwv-9Cd7Cv_I'
  }
}
[2022-08-25T22:20:14.990] [ALL] http - {
  method: 'POST',
  url: '/api/wechatData?signature=1ce5bcd45921fc5b12e5edce33e1f3ad4909ebd0&timestamp=1661437205&nonce=1372371893&openid=oHQaO5xNbT7xDIaytwv-9Cd7Cv_I',
  body: undefined,
  params: { '0': '/api/wechatData' },
  query: {
    signature: '1ce5bcd45921fc5b12e5edce33e1f3ad4909ebd0',
    timestamp: '1661437205',
    nonce: '1372371893',
    openid: 'oHQaO5xNbT7xDIaytwv-9Cd7Cv_I'
  }
}
[2022-08-25T22:20:15.465] [ALL] http - {
  method: 'POST',
  url: '/api/wechatData?signature=0a9cf45e89260000600e71f4cde2824f449eb563&timestamp=1661437215&nonce=1368794775&openid=oHQaO5xNbT7xDIaytwv-9Cd7Cv_I',
  body: undefined,
  params: { '0': '/api/wechatData' },
  query: {
    signature: '0a9cf45e89260000600e71f4cde2824f449eb563',
    timestamp: '1661437215',
    nonce: '1368794775',
    openid: 'oHQaO5xNbT7xDIaytwv-9Cd7Cv_I'
  }
}
[2022-08-25T22:20:20.493] [ALL] http - {
  method: 'POST',
  url: '/api/wechatData?signature=0a9cf45e89260000600e71f4cde2824f449eb563&timestamp=1661437215&nonce=1368794775&openid=oHQaO5xNbT7xDIaytwv-9Cd7Cv_I',
  body: undefined,
  params: { '0': '/api/wechatData' },
  query: {
    signature: '0a9cf45e89260000600e71f4cde2824f449eb563',
    timestamp: '1661437215',
    nonce: '1368794775',
    openid: 'oHQaO5xNbT7xDIaytwv-9Cd7Cv_I'
  }
}
[2022-08-25T22:20:25.497] [ALL] http - {
  method: 'POST',
  url: '/api/wechatData?signature=0a9cf45e89260000600e71f4cde2824f449eb563&timestamp=1661437215&nonce=1368794775&openid=oHQaO5xNbT7xDIaytwv-9Cd7Cv_I',
  body: undefined,
  params: { '0': '/api/wechatData' },
  query: {
    signature: '0a9cf45e89260000600e71f4cde2824f449eb563',
    timestamp: '1661437215',
    nonce: '1368794775',
    openid: 'oHQaO5xNbT7xDIaytwv-9Cd7Cv_I'
  }
}
[2022-08-25T22:21:55.887] [ALL] http - {
  method: 'POST',
  url: '/api/wechatData?signature=6f74ae0dd229740122c02e99b740cc949b80b503&timestamp=1661437316&nonce=389434966&openid=oHQaO5xNbT7xDIaytwv-9Cd7Cv_I',
  body: undefined,
  params: { '0': '/api/wechatData' },
  query: {
    signature: '6f74ae0dd229740122c02e99b740cc949b80b503',
    timestamp: '1661437316',
    nonce: '389434966',
    openid: 'oHQaO5xNbT7xDIaytwv-9Cd7Cv_I'
  }
}
[2022-08-25T22:21:57.193] [ALL] http - {
  method: 'POST',
  url: '/api/wechatData?signature=b5643f7da767ab5fa8fb8b227a4329f1cbe89024&timestamp=1661437317&nonce=1552238746&openid=oHQaO5xNbT7xDIaytwv-9Cd7Cv_I',
  body: undefined,
  params: { '0': '/api/wechatData' },
  query: {
    signature: 'b5643f7da767ab5fa8fb8b227a4329f1cbe89024',
    timestamp: '1661437317',
    nonce: '1552238746',
    openid: 'oHQaO5xNbT7xDIaytwv-9Cd7Cv_I'
  }
}
[2022-08-25T22:22:02.192] [ALL] http - {
  method: 'POST',
  url: '/api/wechatData?signature=b5643f7da767ab5fa8fb8b227a4329f1cbe89024&timestamp=1661437317&nonce=1552238746&openid=oHQaO5xNbT7xDIaytwv-9Cd7Cv_I',
  body: undefined,
  params: { '0': '/api/wechatData' },
  query: {
    signature: 'b5643f7da767ab5fa8fb8b227a4329f1cbe89024',
    timestamp: '1661437317',
    nonce: '1552238746',
    openid: 'oHQaO5xNbT7xDIaytwv-9Cd7Cv_I'
  }
}
[2022-08-25T22:22:07.220] [ALL] http - {
  method: 'POST',
  url: '/api/wechatData?signature=b5643f7da767ab5fa8fb8b227a4329f1cbe89024&timestamp=1661437317&nonce=1552238746&openid=oHQaO5xNbT7xDIaytwv-9Cd7Cv_I',
  body: undefined,
  params: { '0': '/api/wechatData' },
  query: {
    signature: 'b5643f7da767ab5fa8fb8b227a4329f1cbe89024',
    timestamp: '1661437317',
    nonce: '1552238746',
    openid: 'oHQaO5xNbT7xDIaytwv-9Cd7Cv_I'
  }
}
[2022-08-25T22:22:19.071] [ALL] http - {
  method: 'POST',
  url: '/api/wechatData?signature=51d4645208819db990e3fba04da9ef4c3b874c03&timestamp=1661437339&nonce=1359351601&openid=oHQaO5xNbT7xDIaytwv-9Cd7Cv_I',
  body: undefined,
  params: { '0': '/api/wechatData' },
  query: {
    signature: '51d4645208819db990e3fba04da9ef4c3b874c03',
    timestamp: '1661437339',
    nonce: '1359351601',
    openid: 'oHQaO5xNbT7xDIaytwv-9Cd7Cv_I'
  }
}
[2022-08-25T22:22:20.295] [ALL] http - {
  method: 'POST',
  url: '/api/wechatData?signature=1b5ebb0b13a2da61941117bba8d26181ce1689e0&timestamp=1661437340&nonce=310206109&openid=oHQaO5xNbT7xDIaytwv-9Cd7Cv_I',
  body: undefined,
  params: { '0': '/api/wechatData' },
  query: {
    signature: '1b5ebb0b13a2da61941117bba8d26181ce1689e0',
    timestamp: '1661437340',
    nonce: '310206109',
    openid: 'oHQaO5xNbT7xDIaytwv-9Cd7Cv_I'
  }
}
[2022-08-25T22:22:25.302] [ALL] http - {
  method: 'POST',
  url: '/api/wechatData?signature=1b5ebb0b13a2da61941117bba8d26181ce1689e0&timestamp=1661437340&nonce=310206109&openid=oHQaO5xNbT7xDIaytwv-9Cd7Cv_I',
  body: undefined,
  params: { '0': '/api/wechatData' },
  query: {
    signature: '1b5ebb0b13a2da61941117bba8d26181ce1689e0',
    timestamp: '1661437340',
    nonce: '310206109',
    openid: 'oHQaO5xNbT7xDIaytwv-9Cd7Cv_I'
  }
}
[2022-08-25T22:22:30.307] [ALL] http - {
  method: 'POST',
  url: '/api/wechatData?signature=1b5ebb0b13a2da61941117bba8d26181ce1689e0&timestamp=1661437340&nonce=310206109&openid=oHQaO5xNbT7xDIaytwv-9Cd7Cv_I',
  body: undefined,
  params: { '0': '/api/wechatData' },
  query: {
    signature: '1b5ebb0b13a2da61941117bba8d26181ce1689e0',
    timestamp: '1661437340',
    nonce: '310206109',
    openid: 'oHQaO5xNbT7xDIaytwv-9Cd7Cv_I'
  }
}
[2022-08-25T22:22:48.701] [ALL] http - {
  method: 'POST',
  url: '/api/wechatData?signature=e69e27d9f84c9806fc153c6e099ddfb58db7a5f2&timestamp=1661437368&nonce=185666738&openid=oHQaO5xNbT7xDIaytwv-9Cd7Cv_I',
  body: undefined,
  params: { '0': '/api/wechatData' },
  query: {
    signature: 'e69e27d9f84c9806fc153c6e099ddfb58db7a5f2',
    timestamp: '1661437368',
    nonce: '185666738',
    openid: 'oHQaO5xNbT7xDIaytwv-9Cd7Cv_I'
  }
}
[2022-08-25T22:22:58.738] [ALL] http - {
  method: 'POST',
  url: '/api/wechatData?signature=e69e27d9f84c9806fc153c6e099ddfb58db7a5f2&timestamp=1661437368&nonce=185666738&openid=oHQaO5xNbT7xDIaytwv-9Cd7Cv_I',
  body: undefined,
  params: { '0': '/api/wechatData' },
  query: {
    signature: 'e69e27d9f84c9806fc153c6e099ddfb58db7a5f2',
    timestamp: '1661437368',
    nonce: '185666738',
    openid: 'oHQaO5xNbT7xDIaytwv-9Cd7Cv_I'
  }
}
[2022-08-25T22:22:58.740] [ALL] http - {
  method: 'POST',
  url: '/api/wechatData?signature=e69e27d9f84c9806fc153c6e099ddfb58db7a5f2&timestamp=1661437368&nonce=185666738&openid=oHQaO5xNbT7xDIaytwv-9Cd7Cv_I',
  body: undefined,
  params: { '0': '/api/wechatData' },
  query: {
    signature: 'e69e27d9f84c9806fc153c6e099ddfb58db7a5f2',
    timestamp: '1661437368',
    nonce: '185666738',
    openid: 'oHQaO5xNbT7xDIaytwv-9Cd7Cv_I'
  }
}
[2022-08-25T22:22:59.884] [ALL] http - {
  method: 'POST',
  url: '/api/wechatData?signature=b2c9420af595277ecc740fbf63d94ffeb376f465&timestamp=1661437380&nonce=389045491&openid=oHQaO5xNbT7xDIaytwv-9Cd7Cv_I',
  body: undefined,
  params: { '0': '/api/wechatData' },
  query: {
    signature: 'b2c9420af595277ecc740fbf63d94ffeb376f465',
    timestamp: '1661437380',
    nonce: '389045491',
    openid: 'oHQaO5xNbT7xDIaytwv-9Cd7Cv_I'
  }
}
[2022-08-25T22:23:04.894] [ALL] http - {
  method: 'POST',
  url: '/api/wechatData?signature=b2c9420af595277ecc740fbf63d94ffeb376f465&timestamp=1661437380&nonce=389045491&openid=oHQaO5xNbT7xDIaytwv-9Cd7Cv_I',
  body: undefined,
  params: { '0': '/api/wechatData' },
  query: {
    signature: 'b2c9420af595277ecc740fbf63d94ffeb376f465',
    timestamp: '1661437380',
    nonce: '389045491',
    openid: 'oHQaO5xNbT7xDIaytwv-9Cd7Cv_I'
  }
}
[2022-08-25T22:23:09.924] [ALL] http - {
  method: 'POST',
  url: '/api/wechatData?signature=b2c9420af595277ecc740fbf63d94ffeb376f465&timestamp=1661437380&nonce=389045491&openid=oHQaO5xNbT7xDIaytwv-9Cd7Cv_I',
  body: undefined,
  params: { '0': '/api/wechatData' },
  query: {
    signature: 'b2c9420af595277ecc740fbf63d94ffeb376f465',
    timestamp: '1661437380',
    nonce: '389045491',
    openid: 'oHQaO5xNbT7xDIaytwv-9Cd7Cv_I'
  }
}
[2022-08-25T22:24:09.682] [ALL] http - {
  method: 'POST',
  url: '/api/wechatData?signature=535e2874f2d4f78130125ae94b2db5b41a5683b8&timestamp=1661437449&nonce=970705529&openid=oHQaO5xNbT7xDIaytwv-9Cd7Cv_I',
  body: undefined,
  params: { '0': '/api/wechatData' },
  query: {
    signature: '535e2874f2d4f78130125ae94b2db5b41a5683b8',
    timestamp: '1661437449',
    nonce: '970705529',
    openid: 'oHQaO5xNbT7xDIaytwv-9Cd7Cv_I'
  }
}
[2022-08-25T22:24:11.050] [ALL] http - {
  method: 'POST',
  url: '/api/wechatData?signature=c276a2266683b8a0295c8d8476c7a6532557f796&timestamp=1661437451&nonce=705108314&openid=oHQaO5xNbT7xDIaytwv-9Cd7Cv_I',
  body: undefined,
  params: { '0': '/api/wechatData' },
  query: {
    signature: 'c276a2266683b8a0295c8d8476c7a6532557f796',
    timestamp: '1661437451',
    nonce: '705108314',
    openid: 'oHQaO5xNbT7xDIaytwv-9Cd7Cv_I'
  }
}
[2022-08-25T22:24:16.074] [ALL] http - {
  method: 'POST',
  url: '/api/wechatData?signature=c276a2266683b8a0295c8d8476c7a6532557f796&timestamp=1661437451&nonce=705108314&openid=oHQaO5xNbT7xDIaytwv-9Cd7Cv_I',
  body: undefined,
  params: { '0': '/api/wechatData' },
  query: {
    signature: 'c276a2266683b8a0295c8d8476c7a6532557f796',
    timestamp: '1661437451',
    nonce: '705108314',
    openid: 'oHQaO5xNbT7xDIaytwv-9Cd7Cv_I'
  }
}
[2022-08-25T22:24:21.083] [ALL] http - {
  method: 'POST',
  url: '/api/wechatData?signature=c276a2266683b8a0295c8d8476c7a6532557f796&timestamp=1661437451&nonce=705108314&openid=oHQaO5xNbT7xDIaytwv-9Cd7Cv_I',
  body: undefined,
  params: { '0': '/api/wechatData' },
  query: {
    signature: 'c276a2266683b8a0295c8d8476c7a6532557f796',
    timestamp: '1661437451',
    nonce: '705108314',
    openid: 'oHQaO5xNbT7xDIaytwv-9Cd7Cv_I'
  }
}
[2022-08-25T22:24:59.142] [ALL] http - {
  method: 'POST',
  url: '/api/wechatData?signature=044b0d36792530da7952f4c7f25dc247eadda98c&timestamp=1661437499&nonce=1194620736&openid=oHQaO5xNbT7xDIaytwv-9Cd7Cv_I',
  body: undefined,
  params: { '0': '/api/wechatData' },
  query: {
    signature: '044b0d36792530da7952f4c7f25dc247eadda98c',
    timestamp: '1661437499',
    nonce: '1194620736',
    openid: 'oHQaO5xNbT7xDIaytwv-9Cd7Cv_I'
  }
}
[2022-08-25T22:25:00.329] [ALL] http - {
  method: 'POST',
  url: '/api/wechatData?signature=da4559853daa98e36e6b031ad18be80fd301f880&timestamp=1661437500&nonce=929790811&openid=oHQaO5xNbT7xDIaytwv-9Cd7Cv_I',
  body: undefined,
  params: { '0': '/api/wechatData' },
  query: {
    signature: 'da4559853daa98e36e6b031ad18be80fd301f880',
    timestamp: '1661437500',
    nonce: '929790811',
    openid: 'oHQaO5xNbT7xDIaytwv-9Cd7Cv_I'
  }
}
[2022-08-25T22:25:05.337] [ALL] http - {
  method: 'POST',
  url: '/api/wechatData?signature=da4559853daa98e36e6b031ad18be80fd301f880&timestamp=1661437500&nonce=929790811&openid=oHQaO5xNbT7xDIaytwv-9Cd7Cv_I',
  body: undefined,
  params: { '0': '/api/wechatData' },
  query: {
    signature: 'da4559853daa98e36e6b031ad18be80fd301f880',
    timestamp: '1661437500',
    nonce: '929790811',
    openid: 'oHQaO5xNbT7xDIaytwv-9Cd7Cv_I'
  }
}
[2022-08-25T22:25:10.330] [ALL] http - {
  method: 'POST',
  url: '/api/wechatData?signature=da4559853daa98e36e6b031ad18be80fd301f880&timestamp=1661437500&nonce=929790811&openid=oHQaO5xNbT7xDIaytwv-9Cd7Cv_I',
  body: undefined,
  params: { '0': '/api/wechatData' },
  query: {
    signature: 'da4559853daa98e36e6b031ad18be80fd301f880',
    timestamp: '1661437500',
    nonce: '929790811',
    openid: 'oHQaO5xNbT7xDIaytwv-9Cd7Cv_I'
  }
}
[2022-08-25T22:25:15.006] [ALL] http - {
  method: 'POST',
  url: '/api/wechatData?signature=da4559853daa98e36e6b031ad18be80fd301f880&timestamp=1661437500&nonce=929790811&openid=oHQaO5xNbT7xDIaytwv-9Cd7Cv_I',
  body: undefined,
  params: { '0': '/api/wechatData' },
  query: {
    signature: 'da4559853daa98e36e6b031ad18be80fd301f880',
    timestamp: '1661437500',
    nonce: '929790811',
    openid: 'oHQaO5xNbT7xDIaytwv-9Cd7Cv_I'
  }
}
[2022-08-25T22:25:20.973] [ALL] http - {
  method: 'POST',
  url: '/api/wechatData?signature=b113c9140a33bce13d321c721cb89c185ca5090a&timestamp=1661437521&nonce=931475863&openid=oHQaO5xNbT7xDIaytwv-9Cd7Cv_I',
  body: undefined,
  params: { '0': '/api/wechatData' },
  query: {
    signature: 'b113c9140a33bce13d321c721cb89c185ca5090a',
    timestamp: '1661437521',
    nonce: '931475863',
    openid: 'oHQaO5xNbT7xDIaytwv-9Cd7Cv_I'
  }
}
[2022-08-25T22:25:22.250] [ALL] http - {
  method: 'POST',
  url: '/api/wechatData?signature=edf6cb4daccd390214603dc2ecf7cdcb589b8b92&timestamp=1661437522&nonce=899977194&openid=oHQaO5xNbT7xDIaytwv-9Cd7Cv_I',
  body: undefined,
  params: { '0': '/api/wechatData' },
  query: {
    signature: 'edf6cb4daccd390214603dc2ecf7cdcb589b8b92',
    timestamp: '1661437522',
    nonce: '899977194',
    openid: 'oHQaO5xNbT7xDIaytwv-9Cd7Cv_I'
  }
}
[2022-08-25T22:25:27.268] [ALL] http - {
  method: 'POST',
  url: '/api/wechatData?signature=edf6cb4daccd390214603dc2ecf7cdcb589b8b92&timestamp=1661437522&nonce=899977194&openid=oHQaO5xNbT7xDIaytwv-9Cd7Cv_I',
  body: undefined,
  params: { '0': '/api/wechatData' },
  query: {
    signature: 'edf6cb4daccd390214603dc2ecf7cdcb589b8b92',
    timestamp: '1661437522',
    nonce: '899977194',
    openid: 'oHQaO5xNbT7xDIaytwv-9Cd7Cv_I'
  }
}
[2022-08-25T22:25:29.017] [ALL] http - {
  method: 'POST',
  url: '/api/wechatData?signature=e0149c00a0b73d126dd5afe8862bfc2bfda76e3a&timestamp=1661437529&nonce=2002614850&openid=oHQaO5xNbT7xDIaytwv-9Cd7Cv_I',
  body: undefined,
  params: { '0': '/api/wechatData' },
  query: {
    signature: 'e0149c00a0b73d126dd5afe8862bfc2bfda76e3a',
    timestamp: '1661437529',
    nonce: '2002614850',
    openid: 'oHQaO5xNbT7xDIaytwv-9Cd7Cv_I'
  }
}
[2022-08-25T22:25:30.086] [ALL] http - {
  method: 'POST',
  url: '/api/wechatData?signature=5a64389c3fd6b2b28da80ed2f52548d6fb276cf7&timestamp=1661437530&nonce=790590752&openid=oHQaO5xNbT7xDIaytwv-9Cd7Cv_I',
  body: undefined,
  params: { '0': '/api/wechatData' },
  query: {
    signature: '5a64389c3fd6b2b28da80ed2f52548d6fb276cf7',
    timestamp: '1661437530',
    nonce: '790590752',
    openid: 'oHQaO5xNbT7xDIaytwv-9Cd7Cv_I'
  }
}
[2022-08-25T22:25:32.285] [ALL] http - {
  method: 'POST',
  url: '/api/wechatData?signature=edf6cb4daccd390214603dc2ecf7cdcb589b8b92&timestamp=1661437522&nonce=899977194&openid=oHQaO5xNbT7xDIaytwv-9Cd7Cv_I',
  body: undefined,
  params: { '0': '/api/wechatData' },
  query: {
    signature: 'edf6cb4daccd390214603dc2ecf7cdcb589b8b92',
    timestamp: '1661437522',
    nonce: '899977194',
    openid: 'oHQaO5xNbT7xDIaytwv-9Cd7Cv_I'
  }
}
[2022-08-25T22:25:35.093] [ALL] http - {
  method: 'POST',
  url: '/api/wechatData?signature=5a64389c3fd6b2b28da80ed2f52548d6fb276cf7&timestamp=1661437530&nonce=790590752&openid=oHQaO5xNbT7xDIaytwv-9Cd7Cv_I',
  body: undefined,
  params: { '0': '/api/wechatData' },
  query: {
    signature: '5a64389c3fd6b2b28da80ed2f52548d6fb276cf7',
    timestamp: '1661437530',
    nonce: '790590752',
    openid: 'oHQaO5xNbT7xDIaytwv-9Cd7Cv_I'
  }
}
[2022-08-25T22:25:40.114] [ALL] http - {
  method: 'POST',
  url: '/api/wechatData?signature=5a64389c3fd6b2b28da80ed2f52548d6fb276cf7&timestamp=1661437530&nonce=790590752&openid=oHQaO5xNbT7xDIaytwv-9Cd7Cv_I',
  body: undefined,
  params: { '0': '/api/wechatData' },
  query: {
    signature: '5a64389c3fd6b2b28da80ed2f52548d6fb276cf7',
    timestamp: '1661437530',
    nonce: '790590752',
    openid: 'oHQaO5xNbT7xDIaytwv-9Cd7Cv_I'
  }
}
