[2022-08-24T22:22:42.563] [INFO] debug - ~~111~~debug log~~111~~
[2022-08-24T22:22:49.347] [INFO] debug - ~~111~~debug log~~111~~
[2022-08-24T22:22:53.691] [INFO] debug - ~~111~~debug log~~111~~
[2022-08-24T22:22:57.544] [INFO] debug - ~~111~~debug log~~111~~
[2022-08-24T22:22:58.767] [INFO] debug - ~~111~~debug log~~111~~
[2022-08-24T22:23:30.552] [INFO] debug - ~~111~~debug log~~111~~
[2022-08-24T22:28:32.141] [INFO] debug - 
[2022-08-24T22:28:33.627] [INFO] debug - 1111
[2022-08-24T22:28:41.970] [INFO] debug1 - 1111
[2022-08-24T22:29:27.791] [INFO] debug1 - 1111
[2022-08-24T22:40:28.727] [INFO] debug - ~~111~~debug log~~111~~
[2022-08-24T22:40:32.818] [DEBUG] debug - ~~111~~debug log~~111~~
[2022-08-24T22:46:44.592] [DEBUG] debug - ~~111~~debug log~~111~~
[2022-08-24T22:50:57.168] [DEBUG] debug - ~~111~~debug log~~111~~
[2022-08-24T22:54:25.078] [DEBUG] debug - ~~111~~debug log~~111~~
[2022-08-24T22:54:41.802] [DEBUG] debug - ~~111~~debug log~~111~~
[2022-08-24T22:55:02.484] [DEBUG] debug - ~~111~~debug log~~111~~
[2022-08-24T22:55:09.377] [DEBUG] debug - ~~111~~debug log~~111~~
[2022-08-24T22:55:17.149] [DEBUG] debug - ~~111~~debug log~~111~~
[2022-08-24T22:55:19.249] [DEBUG] debug - ~~111~~debug log~~111~~
[2022-08-24T22:55:22.018] [DEBUG] debug - ~~111~~debug log~~111~~
[2022-08-24T22:55:24.419] [DEBUG] debug - ~~111~~debug log~~111~~
[2022-08-24T22:55:26.614] [DEBUG] debug - ~~111~~debug log~~111~~
[2022-08-24T22:55:35.146] [DEBUG] debug - ~~111~~debug log~~111~~
[2022-08-24T22:55:37.503] [DEBUG] debug - ~~111~~debug log~~111~~
